<?xml version="1.0" encoding="UTF-8"?>
<!-- Generated by org.testng.reporters.JUnitXMLReporter -->
<testsuite ignored="22" hostname="DESKTOP-BUGKGO7" failures="0" tests="3" name="Test" time="89.104" errors="0" timestamp="2024-07-30T12:13:28 IST">
  <testcase classname="tc_reo.Le_03" name="le03Tc" time="16.14"/>
  <testcase classname="tc_reo.Org_01" name="org01Tc" time="12.024"/>
  <testcase classname="tc_reo.Org_04" name="org04Tc" time="12.745"/>
  <testcase classname="tc_reo.LE_01" name="le01Tc" time="0.0">
    <ignored/>
  </testcase> <!-- le01Tc -->
  <testcase classname="tc_reo.Org_02" name="org02Tc" time="0.0">
    <ignored/>
  </testcase> <!-- org02Tc -->
  <testcase classname="genericlibOrUtility.BaseClass" name="@AfterSuite closeDbConnection" time="0.0">
    <ignored/>
  </testcase> <!-- @AfterSuite closeDbConnection -->
  <testcase classname="genericlibOrUtility.BaseClass" name="@AfterSuite closeDbConnection" time="0.0">
    <ignored/>
  </testcase> <!-- @AfterSuite closeDbConnection -->
  <testcase classname="genericlibOrUtility.BaseClass" name="@AfterSuite closeDbConnection" time="0.0">
    <ignored/>
  </testcase> <!-- @AfterSuite closeDbConnection -->
  <testcase classname="genericlibOrUtility.BaseClass" name="@AfterSuite closeDbConnection" time="0.0">
    <ignored/>
  </testcase> <!-- @AfterSuite closeDbConnection -->
  <testcase classname="genericlibOrUtility.BaseClass" name="@AfterSuite closeDbConnection" time="0.0">
    <ignored/>
  </testcase> <!-- @AfterSuite closeDbConnection -->
  <testcase classname="genericlibOrUtility.BaseClass" name="@AfterSuite closeDbConnection" time="0.0">
    <ignored/>
  </testcase> <!-- @AfterSuite closeDbConnection -->
  <testcase classname="genericlibOrUtility.BaseClass" name="@AfterSuite closeDbConnection" time="0.0">
    <ignored/>
  </testcase> <!-- @AfterSuite closeDbConnection -->
  <testcase classname="genericlibOrUtility.BaseClass" name="@AfterSuite closeDbConnection" time="0.0">
    <ignored/>
  </testcase> <!-- @AfterSuite closeDbConnection -->
  <testcase classname="tc_reo.Le_04" name="le04Tc" time="0.0">
    <ignored/>
  </testcase> <!-- le04Tc -->
  <testcase classname="tc_reo.Org_03" name="org03Tc" time="0.0">
    <ignored/>
  </testcase> <!-- org03Tc -->
  <testcase classname="tc_reo.Le_02" name="le02Tc" time="0.0">
    <ignored/>
  </testcase> <!-- le02Tc -->
  <testcase classname="genericlibOrUtility.BaseClass" name="@BeforeSuite createDbConnection" time="0.0">
    <ignored/>
  </testcase> <!-- @BeforeSuite createDbConnection -->
  <testcase classname="genericlibOrUtility.BaseClass" name="@BeforeSuite createDbConnection" time="0.0">
    <ignored/>
  </testcase> <!-- @BeforeSuite createDbConnection -->
  <testcase classname="genericlibOrUtility.BaseClass" name="@BeforeSuite createDbConnection" time="0.0">
    <ignored/>
  </testcase> <!-- @BeforeSuite createDbConnection -->
  <testcase classname="genericlibOrUtility.BaseClass" name="@BeforeSuite createDbConnection" time="0.0">
    <ignored/>
  </testcase> <!-- @BeforeSuite createDbConnection -->
  <testcase classname="genericlibOrUtility.BaseClass" name="@BeforeSuite createDbConnection" time="0.0">
    <ignored/>
  </testcase> <!-- @BeforeSuite createDbConnection -->
  <testcase classname="genericlibOrUtility.BaseClass" name="@BeforeSuite createDbConnection" time="0.0">
    <ignored/>
  </testcase> <!-- @BeforeSuite createDbConnection -->
  <testcase classname="genericlibOrUtility.BaseClass" name="@BeforeSuite createDbConnection" time="0.0">
    <ignored/>
  </testcase> <!-- @BeforeSuite createDbConnection -->
  <testcase classname="genericlibOrUtility.BaseClass" name="@BeforeSuite createDbConnection" time="0.0">
    <ignored/>
  </testcase> <!-- @BeforeSuite createDbConnection -->
  <testcase classname="tc_reo.Con_01" name="con01tc" time="0.0">
    <ignored/>
  </testcase> <!-- con01tc -->
</testsuite> <!-- Test -->
